- 2022-05-30 18:12:50,542 :: INFO :: ---> DevView V2.2 started [CL_ServESP] [47]
- 2022-05-30 18:12:50,543 :: INFO :: here we are [CL_ServESP] [48]
- 2022-05-30 18:12:50,543 :: INFO :: configuration file: ./XML/Config-ESP.xml OK [CL_ServESP] [54]
- 2022-05-30 18:12:50,543 :: INFO :: No-Name_8C_CE_4E_DE_B2_F0 [DevView] [48]
- 2022-05-30 18:12:50,543 :: INFO :: ./XML/No-Name_8C_CE_4E_DE_B2_F0.xml [DevView] [52]
- 2022-05-30 18:12:50,546 :: INFO :: ./XML/TableDS1820.xml [DevView] [61]
- 2022-05-30 18:12:50,708 :: INFO :: ToF_Sensor_BC_DD_C2_24_3B_F4 [DevView] [48]
- 2022-05-30 18:12:50,708 :: INFO :: ./XML/ToF_Sensor_BC_DD_C2_24_3B_F4.xml [DevView] [52]
- 2022-05-30 18:12:50,710 :: INFO :: ./XML/TableToF.xml [DevView] [61]
- 2022-05-30 18:12:50,793 :: INFO :: Gewaechshaus_24_A1_60_3A_47_34 [DevView] [48]
- 2022-05-30 18:12:50,794 :: INFO :: ./XML/Gewaechshaus_24_A1_60_3A_47_34.xml [DevView] [52]
- 2022-05-30 18:12:50,803 :: INFO :: ./XML/TableDS1820.xml [DevView] [61]
- 2022-05-30 18:12:50,856 :: INFO :: Pumpe_CC_50_E3_53_1E_58 [DevView] [48]
- 2022-05-30 18:12:50,856 :: INFO :: ./XML/Pumpe_CC_50_E3_53_1E_58.xml [DevView] [52]
- 2022-05-30 18:12:50,862 :: INFO :: ./XML/TableSwitch.xml [DevView] [61]
- 2022-05-30 18:12:51,038 :: INFO :: Wohnzimmer_27_BF_CF_A0 [DevView] [48]
- 2022-05-30 18:12:51,039 :: INFO :: ./XML/Wohnzimmer_27_BF_CF_A0.xml [DevView] [52]
- 2022-05-30 18:12:51,042 :: INFO :: ./XML/TableDS1820.xml [DevView] [61]
- 2022-05-30 18:12:51,084 :: INFO :: Schuppen-DS_CC_50_E3_3C_17_68 [DevView] [48]
- 2022-05-30 18:12:51,084 :: INFO :: ./XML/Schuppen-DS_CC_50_E3_3C_17_68.xml [DevView] [52]
- 2022-05-30 18:12:51,091 :: INFO :: ./XML/TableDS1820.xml [DevView] [61]
- 2022-05-30 18:12:51,231 :: INFO :: Buero_68_C6_3A_87_FA_CE [DevView] [48]
- 2022-05-30 18:12:51,231 :: INFO :: ./XML/Buero_68_C6_3A_87_FA_CE.xml [DevView] [52]
- 2022-05-30 18:12:51,241 :: INFO :: ./XML/TableDS1820.xml [DevView] [61]
- 2022-05-30 18:12:51,319 :: INFO :: Wintergarten_DC_4F_22_10_C6_0E [DevView] [48]
- 2022-05-30 18:12:51,319 :: INFO :: ./XML/Wintergarten_DC_4F_22_10_C6_0E.xml [DevView] [52]
- 2022-05-30 18:12:51,326 :: INFO :: ./XML/TableDS1820.xml [DevView] [61]
- 2022-05-30 18:12:51,442 :: INFO :: Schlafzimmer_CC_50_E3_3C_2F_1B [DevView] [48]
- 2022-05-30 18:12:51,443 :: INFO :: ./XML/Schlafzimmer_CC_50_E3_3C_2F_1B.xml [DevView] [52]
- 2022-05-30 18:12:51,447 :: INFO :: ./XML/TableDS1820.xml [DevView] [61]
- 2022-05-30 18:12:51,497 :: INFO :: Heizung_CC_50_E3_3B_F6_4D [DevView] [48]
- 2022-05-30 18:12:51,497 :: INFO :: ./XML/Heizung_CC_50_E3_3B_F6_4D.xml [DevView] [52]
- 2022-05-30 18:12:51,511 :: INFO :: ./XML/TableDS1820.xml [DevView] [61]
- 2022-05-30 18:12:51,576 :: INFO :: Heizung1_C2_8A_58_6E [DevView] [48]
- 2022-05-30 18:12:51,577 :: INFO :: ./XML/Heizung1_C2_8A_58_6E.xml [DevView] [52]
- 2022-05-30 18:12:51,579 :: INFO :: ./XML/TableDS1820.xml [DevView] [61]
- 2022-05-30 18:12:51,626 :: INFO :: Jan_CC_50_E3_5D_A7_A5 [DevView] [48]
- 2022-05-30 18:12:51,626 :: INFO :: ./XML/Jan_CC_50_E3_5D_A7_A5.xml [DevView] [52]
- 2022-05-30 18:12:51,638 :: INFO :: ./XML/TableDS1820.xml [DevView] [61]
- 2022-05-30 18:12:51,690 :: INFO :: Lars_Zimmer_CC_50_E3_5D_A8_F3 [DevView] [48]
- 2022-05-30 18:12:51,690 :: INFO :: ./XML/Lars_Zimmer_CC_50_E3_5D_A8_F3.xml [DevView] [52]
- 2022-05-30 18:12:51,693 :: INFO :: ./XML/TableDS1820.xml [DevView] [61]
- 2022-05-30 18:12:51,745 :: INFO :: Lars_Dachboden_CC_50_E3_3C_06_71 [DevView] [48]
- 2022-05-30 18:12:51,745 :: INFO :: ./XML/Lars_Dachboden_CC_50_E3_3C_06_71.xml [DevView] [52]
- 2022-05-30 18:12:51,755 :: INFO :: ./XML/TableDS1820.xml [DevView] [61]
- 2022-05-30 18:12:51,808 :: INFO :: Keller_CC_50_E3_3C_13_D3 [DevView] [48]
- 2022-05-30 18:12:51,808 :: INFO :: ./XML/Keller_CC_50_E3_3C_13_D3.xml [DevView] [52]
- 2022-05-30 18:12:51,930 :: INFO :: ./XML/TableDS1820.xml [DevView] [61]
- 2022-05-30 18:12:51,994 :: INFO :: Steckdose-Schuppen_EC_FA_BC_9B_CC_1D [DevView] [48]
- 2022-05-30 18:12:51,995 :: INFO :: ./XML/Steckdose-Schuppen_EC_FA_BC_9B_CC_1D.xml [DevView] [52]
- 2022-05-30 18:12:51,997 :: INFO :: ./XML/TableSwitch.xml [DevView] [61]
- 2022-05-30 18:12:52,091 :: INFO :: Treppe_84_F3_EB_B1_B0_A4 [DevView] [48]
- 2022-05-30 18:12:52,091 :: INFO :: ./XML/Treppe_84_F3_EB_B1_B0_A4.xml [DevView] [52]
- 2022-05-30 18:12:52,093 :: INFO :: ./XML/TableSwitch.xml [DevView] [61]
- 2022-05-30 18:12:52,157 :: INFO :: Aquarium_EC_FA_BC_12_F6_8B [DevView] [48]
- 2022-05-30 18:12:52,157 :: INFO :: ./XML/Aquarium_EC_FA_BC_12_F6_8B.xml [DevView] [52]
- 2022-05-30 18:12:52,161 :: INFO :: ./XML/TableSwitch.xml [DevView] [61]
- 2022-05-30 18:12:52,241 :: INFO :: Aquarium-2_EC_FA_BC_12_F4_31 [DevView] [48]
- 2022-05-30 18:12:52,241 :: INFO :: ./XML/Aquarium-2_EC_FA_BC_12_F4_31.xml [DevView] [52]
- 2022-05-30 18:12:52,244 :: INFO :: ./XML/TableSwitch.xml [DevView] [61]
- 2022-05-30 18:12:52,329 :: INFO :: Palisade_DC_4F_22_0A_F5_52 [DevView] [48]
- 2022-05-30 18:12:52,329 :: INFO :: ./XML/Palisade_DC_4F_22_0A_F5_52.xml [DevView] [52]
- 2022-05-30 18:12:52,333 :: INFO :: ./XML/TableSwitch.xml [DevView] [61]
- 2022-05-30 18:12:52,843 :: INFO :: Kugellampen_DC_4F_22_37_59_ED [DevView] [48]
- 2022-05-30 18:12:52,843 :: INFO :: ./XML/Kugellampen_DC_4F_22_37_59_ED.xml [DevView] [52]
- 2022-05-30 18:12:52,845 :: INFO :: ./XML/TableSwitch.xml [DevView] [61]
- 2022-05-30 18:12:52,963 :: INFO :: Schuppen_80_7D_3A_67_BD_24 [DevView] [48]
- 2022-05-30 18:12:52,963 :: INFO :: ./XML/Schuppen_80_7D_3A_67_BD_24.xml [DevView] [52]
- 2022-05-30 18:12:52,976 :: INFO :: ./XML/TableSwitch.xml [DevView] [61]
- 2022-05-30 18:12:53,032 :: INFO :: <--- DevView V2.2 ended. [CL_ServESP] [75]
2022-05-30 18:15:19,397 - ---> DevView V2.2 started [CL_ServESP] [47]
2022-05-30 18:15:19,398 - here we are [CL_ServESP] [48]
2022-05-30 18:15:19,398 - configuration file: ./XML/Config-ESP.xml OK [CL_ServESP] [54]
2022-05-30 18:15:19,398 - No-Name_8C_CE_4E_DE_B2_F0 [DevView] [48]
2022-05-30 18:15:19,398 - ./XML/No-Name_8C_CE_4E_DE_B2_F0.xml [DevView] [52]
2022-05-30 18:15:19,401 - ./XML/TableDS1820.xml [DevView] [61]
2022-05-30 18:15:19,428 - ToF_Sensor_BC_DD_C2_24_3B_F4 [DevView] [48]
2022-05-30 18:15:19,428 - ./XML/ToF_Sensor_BC_DD_C2_24_3B_F4.xml [DevView] [52]
2022-05-30 18:15:19,435 - ./XML/TableToF.xml [DevView] [61]
2022-05-30 18:15:19,468 - Gewaechshaus_24_A1_60_3A_47_34 [DevView] [48]
2022-05-30 18:15:19,469 - ./XML/Gewaechshaus_24_A1_60_3A_47_34.xml [DevView] [52]
2022-05-30 18:15:19,471 - ./XML/TableDS1820.xml [DevView] [61]
2022-05-30 18:15:19,496 - Pumpe_CC_50_E3_53_1E_58 [DevView] [48]
2022-05-30 18:15:19,496 - ./XML/Pumpe_CC_50_E3_53_1E_58.xml [DevView] [52]
2022-05-30 18:15:19,500 - ./XML/TableSwitch.xml [DevView] [61]
2022-05-30 18:15:19,539 - Wohnzimmer_27_BF_CF_A0 [DevView] [48]
2022-05-30 18:15:19,539 - ./XML/Wohnzimmer_27_BF_CF_A0.xml [DevView] [52]
2022-05-30 18:15:19,548 - ./XML/TableDS1820.xml [DevView] [61]
2022-05-30 18:15:19,571 - Schuppen-DS_CC_50_E3_3C_17_68 [DevView] [48]
2022-05-30 18:15:19,571 - ./XML/Schuppen-DS_CC_50_E3_3C_17_68.xml [DevView] [52]
2022-05-30 18:15:19,578 - ./XML/TableDS1820.xml [DevView] [61]
2022-05-30 18:15:19,602 - Buero_68_C6_3A_87_FA_CE [DevView] [48]
2022-05-30 18:15:19,603 - ./XML/Buero_68_C6_3A_87_FA_CE.xml [DevView] [52]
2022-05-30 18:15:19,605 - ./XML/TableDS1820.xml [DevView] [61]
2022-05-30 18:15:19,634 - Wintergarten_DC_4F_22_10_C6_0E [DevView] [48]
2022-05-30 18:15:19,635 - ./XML/Wintergarten_DC_4F_22_10_C6_0E.xml [DevView] [52]
2022-05-30 18:15:19,638 - ./XML/TableDS1820.xml [DevView] [61]
2022-05-30 18:15:19,667 - Schlafzimmer_CC_50_E3_3C_2F_1B [DevView] [48]
2022-05-30 18:15:19,667 - ./XML/Schlafzimmer_CC_50_E3_3C_2F_1B.xml [DevView] [52]
2022-05-30 18:15:19,669 - ./XML/TableDS1820.xml [DevView] [61]
2022-05-30 18:15:19,694 - Heizung_CC_50_E3_3B_F6_4D [DevView] [48]
2022-05-30 18:15:19,695 - ./XML/Heizung_CC_50_E3_3B_F6_4D.xml [DevView] [52]
2022-05-30 18:15:19,698 - ./XML/TableDS1820.xml [DevView] [61]
2022-05-30 18:15:19,721 - Heizung1_C2_8A_58_6E [DevView] [48]
2022-05-30 18:15:19,721 - ./XML/Heizung1_C2_8A_58_6E.xml [DevView] [52]
2022-05-30 18:15:19,722 - ./XML/TableDS1820.xml [DevView] [61]
2022-05-30 18:15:19,750 - Jan_CC_50_E3_5D_A7_A5 [DevView] [48]
2022-05-30 18:15:19,795 - ./XML/Jan_CC_50_E3_5D_A7_A5.xml [DevView] [52]
2022-05-30 18:15:19,856 - ./XML/TableDS1820.xml [DevView] [61]
2022-05-30 18:15:19,904 - Lars_Zimmer_CC_50_E3_5D_A8_F3 [DevView] [48]
2022-05-30 18:15:19,905 - ./XML/Lars_Zimmer_CC_50_E3_5D_A8_F3.xml [DevView] [52]
2022-05-30 18:15:19,907 - ./XML/TableDS1820.xml [DevView] [61]
2022-05-30 18:15:19,932 - Lars_Dachboden_CC_50_E3_3C_06_71 [DevView] [48]
2022-05-30 18:15:19,932 - ./XML/Lars_Dachboden_CC_50_E3_3C_06_71.xml [DevView] [52]
2022-05-30 18:15:19,937 - ./XML/TableDS1820.xml [DevView] [61]
2022-05-30 18:15:19,961 - Keller_CC_50_E3_3C_13_D3 [DevView] [48]
2022-05-30 18:15:19,961 - ./XML/Keller_CC_50_E3_3C_13_D3.xml [DevView] [52]
2022-05-30 18:15:19,964 - ./XML/TableDS1820.xml [DevView] [61]
2022-05-30 18:15:19,988 - Steckdose-Schuppen_EC_FA_BC_9B_CC_1D [DevView] [48]
2022-05-30 18:15:19,989 - ./XML/Steckdose-Schuppen_EC_FA_BC_9B_CC_1D.xml [DevView] [52]
2022-05-30 18:15:19,991 - ./XML/TableSwitch.xml [DevView] [61]
2022-05-30 18:15:20,021 - Treppe_84_F3_EB_B1_B0_A4 [DevView] [48]
2022-05-30 18:15:20,021 - ./XML/Treppe_84_F3_EB_B1_B0_A4.xml [DevView] [52]
2022-05-30 18:15:20,026 - ./XML/TableSwitch.xml [DevView] [61]
2022-05-30 18:15:20,055 - Aquarium_EC_FA_BC_12_F6_8B [DevView] [48]
2022-05-30 18:15:20,055 - ./XML/Aquarium_EC_FA_BC_12_F6_8B.xml [DevView] [52]
2022-05-30 18:15:20,057 - ./XML/TableSwitch.xml [DevView] [61]
2022-05-30 18:15:20,096 - Aquarium-2_EC_FA_BC_12_F4_31 [DevView] [48]
2022-05-30 18:15:20,096 - ./XML/Aquarium-2_EC_FA_BC_12_F4_31.xml [DevView] [52]
2022-05-30 18:15:20,101 - ./XML/TableSwitch.xml [DevView] [61]
2022-05-30 18:15:20,137 - Palisade_DC_4F_22_0A_F5_52 [DevView] [48]
2022-05-30 18:15:20,137 - ./XML/Palisade_DC_4F_22_0A_F5_52.xml [DevView] [52]
2022-05-30 18:15:20,139 - ./XML/TableSwitch.xml [DevView] [61]
2022-05-30 18:15:20,170 - Kugellampen_DC_4F_22_37_59_ED [DevView] [48]
2022-05-30 18:15:20,171 - ./XML/Kugellampen_DC_4F_22_37_59_ED.xml [DevView] [52]
2022-05-30 18:15:20,172 - ./XML/TableSwitch.xml [DevView] [61]
2022-05-30 18:15:20,202 - Schuppen_80_7D_3A_67_BD_24 [DevView] [48]
2022-05-30 18:15:20,202 - ./XML/Schuppen_80_7D_3A_67_BD_24.xml [DevView] [52]
2022-05-30 18:15:20,204 - ./XML/TableSwitch.xml [DevView] [61]
2022-05-30 18:15:20,231 - <--- DevView V2.2 ended. [CL_ServESP] [75]
